<?xml version="1.0" encoding="UTF-8"?>
<!-- Generated by org.testng.reporters.JUnitReportReporter -->
<testsuite hostname="DESKTOP-J7J8192" failures="0" tests="2" name="testSce.MouseHover" time="8.599" errors="0" timestamp="2025-07-23T22:19:58 EDT" skipped="0">
  <testcase classname="testSce.MouseHover" name="mouseHover" time="3.154"/>
  <testcase classname="testSce.MouseHover" name="datePicker" time="5.445"/>
</testsuite> <!-- testSce.MouseHover -->
