<?xml version="1.0" encoding="UTF-8"?>
<!-- Generated by org.testng.reporters.JUnitReportReporter -->
<testsuite hostname="DESKTOP-J7J8192" failures="0" tests="3" name="testSce.CompareWebText" time="32.305" errors="0" timestamp="2025-07-25T12:00:42 EDT" skipped="0">
  <testcase classname="testSce.CompareWebText" name="readFrmTextFile" time="0.062"/>
  <testcase classname="testSce.CompareWebText" name="readFrmWeb" time="32.236"/>
  <testcase classname="testSce.CompareWebText" name="compareBoth" time="0.007"/>
</testsuite> <!-- testSce.CompareWebText -->
