<?xml version="1.0" encoding="UTF-8"?>
<!-- Generated by org.testng.reporters.JUnitReportReporter -->
<testsuite hostname="DESKTOP-J7J8192" failures="0" tests="3" name="testSce.CompareWebText" time="97.957" errors="0" timestamp="2025-07-23T22:19:58 EDT" skipped="0">
  <testcase classname="testSce.CompareWebText" name="readFrmTextFile" time="0.005"/>
  <testcase classname="testSce.CompareWebText" name="readFrmWeb" time="97.945"/>
  <testcase classname="testSce.CompareWebText" name="compareBoth" time="0.007"/>
</testsuite> <!-- testSce.CompareWebText -->
