<?xml version="1.0" encoding="UTF-8"?>
<!-- Generated by org.testng.reporters.JUnitReportReporter -->
<testsuite hostname="DESKTOP-J7J8192" failures="0" tests="1" name="testSce.SwitchingWindows" time="7.422" errors="0" timestamp="2025-07-23T22:19:58 EDT" skipped="0">
  <testcase classname="testSce.SwitchingWindows" name="switchWin" time="7.422"/>
</testsuite> <!-- testSce.SwitchingWindows -->
