<?xml version="1.0" encoding="UTF-8"?>
<!-- Generated by org.testng.reporters.JUnitReportReporter -->
<testsuite hostname="DESKTOP-J7J8192" failures="0" tests="1" name="testSce.readFrmWeb2" time="51.048" errors="0" timestamp="2025-07-24T11:41:27 EDT" skipped="0">
  <testcase classname="testSce.readFrmWeb2" name="readWebTable" time="51.048"/>
</testsuite> <!-- testSce.readFrmWeb2 -->
