<?xml version="1.0" encoding="UTF-8"?>
<!-- Generated by org.testng.reporters.JUnitReportReporter -->
<testsuite hostname="DESKTOP-J7J8192" failures="0" tests="1" name="testSce.HandlingDynData" time="6.100" errors="0" timestamp="2025-07-25T12:00:42 EDT" skipped="0">
  <testcase classname="testSce.HandlingDynData" name="dyndata" time="6.100"/>
</testsuite> <!-- testSce.HandlingDynData -->
