<?xml version="1.0" encoding="UTF-8"?>
<!-- Generated by org.testng.reporters.JUnitReportReporter -->
<testsuite hostname="DESKTOP-J7J8192" failures="0" tests="2" name="testSce.MouseHover" time="10.070" errors="0" timestamp="2025-07-25T12:00:42 EDT" skipped="0">
  <testcase classname="testSce.MouseHover" name="mouseHover" time="3.464"/>
  <testcase classname="testSce.MouseHover" name="datePicker" time="6.606"/>
</testsuite> <!-- testSce.MouseHover -->
