<?xml version="1.0" encoding="UTF-8"?>
<!-- Generated by org.testng.reporters.JUnitReportReporter -->
<testsuite hostname="DESKTOP-J7J8192" failures="0" tests="2" name="testSce.MouseHover" time="11.512" errors="0" timestamp="2025-07-24T19:21:04 EDT" skipped="0">
  <testcase classname="testSce.MouseHover" name="mouseHover" time="3.406"/>
  <testcase classname="testSce.MouseHover" name="datePicker" time="8.106"/>
</testsuite> <!-- testSce.MouseHover -->
