<?xml version="1.0" encoding="UTF-8"?>
<!-- Generated by org.testng.reporters.JUnitReportReporter -->
<testsuite hostname="DESKTOP-J7J8192" failures="0" tests="1" name="testSce.ThruTextFile1" time="0.005" errors="0" timestamp="2025-07-25T12:22:47 EDT" skipped="0">
  <testcase classname="testSce.ThruTextFile1" name="readFromTextFile" time="0.005"/>
</testsuite> <!-- testSce.ThruTextFile1 -->
