<?xml version="1.0" encoding="UTF-8"?>
<!-- Generated by org.testng.reporters.JUnitReportReporter -->
<testsuite hostname="DESKTOP-J7J8192" failures="0" tests="3" name="testSce.CompareWebText" time="44.444" errors="0" timestamp="2025-07-24T19:21:04 EDT" skipped="0">
  <testcase classname="testSce.CompareWebText" name="readFrmTextFile" time="0.036"/>
  <testcase classname="testSce.CompareWebText" name="readFrmWeb" time="44.407"/>
  <testcase classname="testSce.CompareWebText" name="compareBoth" time="0.001"/>
</testsuite> <!-- testSce.CompareWebText -->
